[debug] [2020-02-04T16:36:37.398Z] ----------------------------------------------------------------------
[debug] [2020-02-04T16:36:37.401Z] Command:       /Users/brifetterley/.nvm/versions/node/v13.1.0/bin/node /Users/brifetterley/.nvm/versions/node/v13.1.0/bin/firebase init hosting
[debug] [2020-02-04T16:36:37.401Z] CLI Version:   7.12.1
[debug] [2020-02-04T16:36:37.401Z] Platform:      darwin
[debug] [2020-02-04T16:36:37.401Z] Node Version:  v13.1.0
[debug] [2020-02-04T16:36:37.402Z] Time:          Tue Feb 04 2020 11:36:37 GMT-0500 (Eastern Standard Time)
[debug] [2020-02-04T16:36:37.402Z] ----------------------------------------------------------------------
[debug] [2020-02-04T16:36:37.402Z] 
[debug] [2020-02-04T16:36:37.428Z] > command requires scopes: ["email","openid","https://www.googleapis.com/auth/cloudplatformprojects.readonly","https://www.googleapis.com/auth/firebase","https://www.googleapis.com/auth/cloud-platform"]
[debug] [2020-02-04T16:36:37.429Z] > authorizing via signed-in user
[info] 
     ######## #### ########  ######## ########     ###     ######  ########
     ##        ##  ##     ## ##       ##     ##  ##   ##  ##       ##
     ######    ##  ########  ######   ########  #########  ######  ######
     ##        ##  ##    ##  ##       ##     ## ##     ##       ## ##
     ##       #### ##     ## ######## ########  ##     ##  ######  ########

You're about to initialize a Firebase project in this directory:

  /Users/brifetterley/Desktop/code/Mod5/traveltongue_frontend

Before we get started, keep in mind:

  * You are initializing in an existing Firebase project directory

[info] 
=== Project Setup
[info] 
[info] First, let's associate this project directory with a Firebase project.
[info] You can create multiple project aliases by running firebase use --add, 
[info] but for now we'll just set up a default project.
[info] 
[info] i  .firebaserc already has a default project, using travelingtongue-65ade.
[debug] [2020-02-04T16:36:37.442Z] >>> HTTP REQUEST GET https://firebase.googleapis.com/v1beta1/projects/travelingtongue-65ade  
 
[debug] [2020-02-04T16:36:38.073Z] <<< HTTP RESPONSE 200
[info] 
=== Hosting Setup
[info] 
[info] Your public directory is the folder (relative to your project directory) that
[info] will contain Hosting assets to be uploaded with firebase deploy. If you
[info] have a build process for your assets, use your build's output directory.
[info] 
